GPU 1 assigned to the job
Sat Mar  1 10:53:57 2025       
+-----------------------------------------------------------------------------------------+
| NVIDIA-SMI 550.107.02             Driver Version: 550.107.02     CUDA Version: 12.4     |
|-----------------------------------------+------------------------+----------------------+
| GPU  Name                 Persistence-M | Bus-Id          Disp.A | Volatile Uncorr. ECC |
| Fan  Temp   Perf          Pwr:Usage/Cap |           Memory-Usage | GPU-Util  Compute M. |
|                                         |                        |               MIG M. |
|=========================================+========================+======================|
|   0  NVIDIA TITAN Xp                On  |   00000000:3B:00.0 Off |                  N/A |
| 23%   30C    P8              9W /  250W |       2MiB /  12288MiB |      0%      Default |
|                                         |                        |                  N/A |
+-----------------------------------------+------------------------+----------------------+
|   1  Quadro P6000                   On  |   00000000:D8:00.0 Off |                  Off |
| 30%   55C    P8             11W /  250W |       2MiB /  24576MiB |      0%      Default |
|                                         |                        |                  N/A |
+-----------------------------------------+------------------------+----------------------+
                                                                                         
+-----------------------------------------------------------------------------------------+
| Processes:                                                                              |
|  GPU   GI   CI        PID   Type   Process name                              GPU Memory |
|        ID   ID                                                               Usage      |
|=========================================================================================|
|  No running processes found                                                             |
+-----------------------------------------------------------------------------------------+
Time: 755.6325385570526 s
