GPU 3 assigned to the job
Mon Feb 24 16:54:20 2025       
+-----------------------------------------------------------------------------------------+
| NVIDIA-SMI 550.107.02             Driver Version: 550.107.02     CUDA Version: 12.4     |
|-----------------------------------------+------------------------+----------------------+
| GPU  Name                 Persistence-M | Bus-Id          Disp.A | Volatile Uncorr. ECC |
| Fan  Temp   Perf          Pwr:Usage/Cap |           Memory-Usage | GPU-Util  Compute M. |
|                                         |                        |               MIG M. |
|=========================================+========================+======================|
|   0  NVIDIA RTX A5000               On  |   00000000:3D:00.0 Off |                  Off |
| 30%   28C    P8             18W /  230W |       2MiB /  24564MiB |      0%      Default |
|                                         |                        |                  N/A |
+-----------------------------------------+------------------------+----------------------+
|   1  NVIDIA RTX A5000               On  |   00000000:3E:00.0 Off |                  Off |
| 30%   30C    P8             15W /  230W |       2MiB /  24564MiB |      0%      Default |
|                                         |                        |                  N/A |
+-----------------------------------------+------------------------+----------------------+
|   2  NVIDIA GeForce RTX 3090        On  |   00000000:41:00.0 Off |                  N/A |
| 34%   54C    P2            205W /  350W |    1127MiB /  24576MiB |     43%      Default |
|                                         |                        |                  N/A |
+-----------------------------------------+------------------------+----------------------+
|   3  NVIDIA GeForce RTX 3090        On  |   00000000:B2:00.0 Off |                  N/A |
| 30%   27C    P8             25W /  350W |       2MiB /  24576MiB |      0%      Default |
|                                         |                        |                  N/A |
+-----------------------------------------+------------------------+----------------------+
|   4  NVIDIA RTX A5000               On  |   00000000:B4:00.0 Off |                  Off |
| 30%   53C    P2             93W /  230W |    5153MiB /  24564MiB |     49%      Default |
|                                         |                        |                  N/A |
+-----------------------------------------+------------------------+----------------------+
|   5  NVIDIA RTX A5000               On  |   00000000:B5:00.0 Off |                  Off |
| 30%   52C    P2            112W /  230W |    5509MiB /  24564MiB |     41%      Default |
|                                         |                        |                  N/A |
+-----------------------------------------+------------------------+----------------------+
                                                                                         
+-----------------------------------------------------------------------------------------+
| Processes:                                                                              |
|  GPU   GI   CI        PID   Type   Process name                              GPU Memory |
|        ID   ID                                                               Usage      |
|=========================================================================================|
|    2   N/A  N/A    183957      C   ...369/lammps/lammps-sevenn/build3/lmp       1120MiB |
|    4   N/A  N/A    170231      C   ...onda3/envs/simplennv2/bin/python3.9       5146MiB |
|    5   N/A  N/A    152600      C   ...onda3/envs/simplennv2/bin/python3.9       5502MiB |
+-----------------------------------------------------------------------------------------+
Time: 31.09664011001587 s
