GPU 2 assigned to the job
Mon Feb 17 21:33:07 2025       
+-----------------------------------------------------------------------------------------+
| NVIDIA-SMI 550.107.02             Driver Version: 550.107.02     CUDA Version: 12.4     |
|-----------------------------------------+------------------------+----------------------+
| GPU  Name                 Persistence-M | Bus-Id          Disp.A | Volatile Uncorr. ECC |
| Fan  Temp   Perf          Pwr:Usage/Cap |           Memory-Usage | GPU-Util  Compute M. |
|                                         |                        |               MIG M. |
|=========================================+========================+======================|
|   0  NVIDIA RTX A5000               On  |   00000000:3D:00.0 Off |                  Off |
| 35%   64C    P2            222W /  230W |    3162MiB /  24564MiB |     96%      Default |
|                                         |                        |                  N/A |
+-----------------------------------------+------------------------+----------------------+
|   1  NVIDIA RTX A5000               On  |   00000000:3E:00.0 Off |                  Off |
| 43%   71C    P2            220W /  230W |    7335MiB /  24564MiB |     87%      Default |
|                                         |                        |                  N/A |
+-----------------------------------------+------------------------+----------------------+
|   2  NVIDIA GeForce RTX 3090        On  |   00000000:41:00.0 Off |                  N/A |
| 32%   49C    P2            170W /  350W |    3116MiB /  24576MiB |     87%      Default |
|                                         |                        |                  N/A |
+-----------------------------------------+------------------------+----------------------+
|   3  NVIDIA GeForce RTX 3090        On  |   00000000:B2:00.0 Off |                  N/A |
| 37%   63C    P2            332W /  350W |   22957MiB /  24576MiB |     86%      Default |
|                                         |                        |                  N/A |
+-----------------------------------------+------------------------+----------------------+
|   4  NVIDIA RTX A5000               On  |   00000000:B4:00.0 Off |                  Off |
| 30%   53C    P2            126W /  230W |    5394MiB /  24564MiB |    100%      Default |
|                                         |                        |                  N/A |
+-----------------------------------------+------------------------+----------------------+
|   5  NVIDIA RTX A5000               On  |   00000000:B5:00.0 Off |                  Off |
| 39%   67C    P2            220W /  230W |    5889MiB /  24564MiB |     87%      Default |
|                                         |                        |                  N/A |
+-----------------------------------------+------------------------+----------------------+
                                                                                         
+-----------------------------------------------------------------------------------------+
| Processes:                                                                              |
|  GPU   GI   CI        PID   Type   Process name                              GPU Memory |
|        ID   ID                                                               Usage      |
|=========================================================================================|
|    0   N/A  N/A   2598689      C   ...conda/envs/dos_mbj_local/bin/python       1498MiB |
|    0   N/A  N/A   2620443      C   lmp_7net                                     1562MiB |
|    1   N/A  N/A   2567803      C   lmp_7fused                                   7328MiB |
|    2   N/A  N/A   2600858      C   ...19/.conda/envs/dos_tdos2/bin/python       1550MiB |
|    2   N/A  N/A   2601157      C   ...019/.conda/envs/dos_mbj2/bin/python       1556MiB |
|    3   N/A  N/A   2617445      C   lmp_7fused                                  22950MiB |
|    4   N/A  N/A   2608669      C   ...19/.conda/envs/dos_local/bin/python       1480MiB |
|    4   N/A  N/A   2620090      C   ...halm4/bin/lammps_mace/build-amp/lmp       3784MiB |
|    5   N/A  N/A   2567737      C   lmp_7fused                                   5882MiB |
+-----------------------------------------------------------------------------------------+
